<?xml version="1.0" encoding="utf-8"?><testsuites name="pytest tests"><testsuite name="pytest" errors="0" failures="0" skipped="0" tests="47" time="14.595" timestamp="2026-05-10T04:56:56.414670+00:00" hostname="agent-env-9dba9df4-fdff-491a-b9ef-a67c23a19570"><testcase classname="tests.backend_test.TestPublic" name="test_root" time="0.186" /><testcase classname="tests.backend_test.TestPublic" name="test_config" time="0.045" /><testcase classname="tests.backend_test.TestPublic" name="test_outbreaks_list" time="0.046" /><testcase classname="tests.backend_test.TestPublic" name="test_outbreaks_filter_severity" time="0.048" /><testcase classname="tests.backend_test.TestPublic" name="test_outbreaks_filter_q" time="0.045" /><testcase classname="tests.backend_test.TestPublic" name="test_country_detail" time="0.045" /><testcase classname="tests.backend_test.TestPublic" name="test_country_detail_404" time="0.045" /><testcase classname="tests.backend_test.TestPublic" name="test_stats_global" time="0.048" /><testcase classname="tests.backend_test.TestPublic" name="test_stats_timeline_global" time="0.046" /><testcase classname="tests.backend_test.TestPublic" name="test_news_list" time="0.047" /><testcase classname="tests.backend_test.TestPublic" name="test_news_breaking" time="0.047" /><testcase classname="tests.backend_test.TestPublic" name="test_ad_slots_public" time="0.050" /><testcase classname="tests.backend_test.TestSubscription" name="test_subscribe_create_and_upsert" time="0.111" /><testcase classname="tests.backend_test.TestAI" name="test_ai_summary_country" time="1.259" /><testcase classname="tests.backend_test.TestAI" name="test_ai_summary_404" time="0.046" /><testcase classname="tests.backend_test.TestAuth" name="test_login_form_success" time="0.332" /><testcase classname="tests.backend_test.TestAuth" name="test_login_json_success" time="0.269" /><testcase classname="tests.backend_test.TestAuth" name="test_login_invalid" time="0.269" /><testcase classname="tests.backend_test.TestAuth" name="test_me" time="0.461" /><testcase classname="tests.backend_test.TestAuth" name="test_me_no_token" time="0.115" /><testcase classname="tests.backend_test.TestAdmin" name="test_admin_list_outbreaks" time="0.102" /><testcase classname="tests.backend_test.TestAdmin" name="test_admin_unauthorized" time="0.102" /><testcase classname="tests.backend_test.TestAdmin" name="test_admin_update_outbreak_persists" time="0.211" /><testcase classname="tests.backend_test.TestAdmin" name="test_admin_update_outbreak_404" time="0.105" /><testcase classname="tests.backend_test.TestAdmin" name="test_admin_update_outbreak_empty" time="0.096" /><testcase classname="tests.backend_test.TestAdmin" name="test_admin_news_create_and_delete" time="0.502" /><testcase classname="tests.backend_test.TestAdmin" name="test_admin_subscriptions" time="0.106" /><testcase classname="tests.backend_test.TestAdmin" name="test_admin_ad_slots_list_and_update" time="0.197" /><testcase classname="tests.backend_test.TestAdmin" name="test_admin_analytics" time="0.134" /><testcase classname="tests.backend_test.TestAdmin" name="test_admin_refresh_now" time="0.118" /><testcase classname="tests.backend_test.TestConfigIteration2" name="test_config_adsense_publisher_id_real" time="0.060" /><testcase classname="tests.backend_test.TestSitemap" name="test_sitemap_returns_xml" time="0.053" /><testcase classname="tests.backend_test.TestSitemap" name="test_sitemap_includes_country_urls" time="0.042" /><testcase classname="tests.backend_test.TestAdminScrapeAndEmail" name="test_scrape_runs_authenticated" time="0.101" /><testcase classname="tests.backend_test.TestAdminScrapeAndEmail" name="test_scrape_runs_unauthorized" time="0.169" /><testcase classname="tests.backend_test.TestAdminScrapeAndEmail" name="test_refresh_now_triggers_scrape_run" time="1.905" /><testcase classname="tests.backend_test.TestAdminScrapeAndEmail" name="test_admin_test_email_graceful" time="0.301" /><testcase classname="tests.backend_test.TestAdminScrapeAndEmail" name="test_admin_test_email_unauthorized" time="0.102" /><testcase classname="tests.backend_test.TestAdminScrapeAndEmail" name="test_admin_news_create_schedules_email_task" time="2.192" /><testcase classname="tests.backend_test.TestCookieAuth" name="test_login_form_sets_cookie" time="0.338" /><testcase classname="tests.backend_test.TestCookieAuth" name="test_login_json_sets_cookie" time="0.326" /><testcase classname="tests.backend_test.TestCookieAuth" name="test_me_with_cookie_only" time="0.362" /><testcase classname="tests.backend_test.TestCookieAuth" name="test_me_with_bearer_only_no_cookie" time="0.437" /><testcase classname="tests.backend_test.TestCookieAuth" name="test_admin_route_with_cookie_only" time="0.375" /><testcase classname="tests.backend_test.TestCookieAuth" name="test_logout_clears_cookie_and_invalidates_cookie_session" time="0.460" /><testcase classname="tests.backend_test.TestCookieAuth" name="test_admin_unauthorized_no_cookie_no_bearer" time="0.199" /><testcase classname="tests.backend_test.TestScraperRefactorRegression" name="test_refresh_now_still_inserts_or_updates" time="1.807" /></testsuite></testsuites>