<?xml version="1.0" encoding="utf-8"?><testsuites name="pytest tests"><testsuite name="pytest" errors="0" failures="0" skipped="0" tests="30" time="4.373" timestamp="2026-05-10T04:08:10.804780+00:00" hostname="agent-env-9dba9df4-fdff-491a-b9ef-a67c23a19570"><testcase classname="backend.tests.backend_test.TestPublic" name="test_root" time="0.210" /><testcase classname="backend.tests.backend_test.TestPublic" name="test_config" time="0.075" /><testcase classname="backend.tests.backend_test.TestPublic" name="test_outbreaks_list" time="0.045" /><testcase classname="backend.tests.backend_test.TestPublic" name="test_outbreaks_filter_severity" time="0.047" /><testcase classname="backend.tests.backend_test.TestPublic" name="test_outbreaks_filter_q" time="0.047" /><testcase classname="backend.tests.backend_test.TestPublic" name="test_country_detail" time="0.053" /><testcase classname="backend.tests.backend_test.TestPublic" name="test_country_detail_404" time="0.048" /><testcase classname="backend.tests.backend_test.TestPublic" name="test_stats_global" time="0.049" /><testcase classname="backend.tests.backend_test.TestPublic" name="test_stats_timeline_global" time="0.047" /><testcase classname="backend.tests.backend_test.TestPublic" name="test_news_list" time="0.051" /><testcase classname="backend.tests.backend_test.TestPublic" name="test_news_breaking" time="0.054" /><testcase classname="backend.tests.backend_test.TestPublic" name="test_ad_slots_public" time="0.045" /><testcase classname="backend.tests.backend_test.TestSubscription" name="test_subscribe_create_and_upsert" time="0.098" /><testcase classname="backend.tests.backend_test.TestAI" name="test_ai_summary_country" time="0.047" /><testcase classname="backend.tests.backend_test.TestAI" name="test_ai_summary_404" time="0.046" /><testcase classname="backend.tests.backend_test.TestAuth" name="test_login_form_success" time="0.349" /><testcase classname="backend.tests.backend_test.TestAuth" name="test_login_json_success" time="0.270" /><testcase classname="backend.tests.backend_test.TestAuth" name="test_login_invalid" time="0.270" /><testcase classname="backend.tests.backend_test.TestAuth" name="test_me" time="0.473" /><testcase classname="backend.tests.backend_test.TestAuth" name="test_me_no_token" time="0.158" /><testcase classname="backend.tests.backend_test.TestAdmin" name="test_admin_list_outbreaks" time="0.110" /><testcase classname="backend.tests.backend_test.TestAdmin" name="test_admin_unauthorized" time="0.101" /><testcase classname="backend.tests.backend_test.TestAdmin" name="test_admin_update_outbreak_persists" time="0.246" /><testcase classname="backend.tests.backend_test.TestAdmin" name="test_admin_update_outbreak_404" time="0.108" /><testcase classname="backend.tests.backend_test.TestAdmin" name="test_admin_update_outbreak_empty" time="0.150" /><testcase classname="backend.tests.backend_test.TestAdmin" name="test_admin_news_create_and_delete" time="0.530" /><testcase classname="backend.tests.backend_test.TestAdmin" name="test_admin_subscriptions" time="0.109" /><testcase classname="backend.tests.backend_test.TestAdmin" name="test_admin_ad_slots_list_and_update" time="0.202" /><testcase classname="backend.tests.backend_test.TestAdmin" name="test_admin_analytics" time="0.127" /><testcase classname="backend.tests.backend_test.TestAdmin" name="test_admin_refresh_now" time="0.093" /></testsuite></testsuites>